building test distribution under .build/JooBsqRl8L
[DZ] beginning to build MooX-Options
[@Author::Celogeek/Git::NextVersion] Bumping version from 3.2 to 3.3
[DZ] guessing dist's main_module is lib/MooX/Options.pm
[DZ] extracting distribution abstract from lib/MooX/Options.pm
[@Author::Celogeek/@Filter/ExtraTests] rewriting release test xt/release/unused-vars.t
[@Author::Celogeek/@Filter/ExtraTests] rewriting release test xt/release/pod-coverage.t
[@Author::Celogeek/@Filter/ExtraTests] rewriting author test xt/author/critic.t
[@Author::Celogeek/CheckChangeLog] [CheckChangeLog] OK with Changes
[@Author::Celogeek/ReadmeMarkdownFromPod] Override README.mkdn in build
[DZ] writing MooX-Options in .build/JooBsqRl8L
Created MYMETA.yml and MYMETA.json
Creating new 'Build' script for 'MooX-Options' version '3.3'
Building MooX-Options
t/00-compile.t ............ ok
# Testing with Perl 5.016003, /home/gitlab_ci/perl5/perlbrew/perls/perl-5.16.3/bin/perl
#     Carp version is 1.26
#     Data::Record version is 0.02
#     English version is 1.05
#     File::Find version is 1.20
#     File::Temp version is 0.22
#     FindBin version is 1.51
#     Getopt::Long version is 2.38
#     Getopt::Long::Descriptive version is 0.093
#     JSON version is 2.57
#     MRO::Compat version is 0.12
#     Module::Build version is 0.4005
#     Module::Load::Conditional version is 0.54
#     Module::Metadata version is 1.000014
#     Moo version is 1.002
#     Regexp::Common version is 2013031301
#     Role::Tiny::With version is undefined
#     Scalar::Util version is 1.25
#     Test::More version is 0.98
#     Test::Requires version is 0.06
#     Test::Trap version is 0.2.2
#     Try::Tiny version is 0.12
#     namespace::clean version is 0.24
#     strict version is 1.07
#     warnings version is 1.13
t/000-report-versions.t ... ok
t/author-critic.t ......... ok
t/doc.t ................... ok
t/failure.t ............... ok
t/flavour.t ............... ok
t/mo.t .................... skipped: Need Mo for this test
t/moo.t ................... ok
t/moose.t ................. ok
t/mouse.t ................. skipped: Sorry, but I don't support Mouse anymore, the module doesn't work like any others and is fully incompatible with the new way I have wrote MooX::Options. If you really need it, help me to solve this.
t/multi_role.t ............ ok
t/namespace_clean.t ....... ok
t/no_option.t ............. ok
t/order.t ................. ok
t/pod.t ................... skipped: Test requires module 'Test::Pod' but it's not found
t/release-pod-coverage.t .. ok
t/release-unused-vars.t ... ok
t/role.t .................. ok
All tests successful.
Files=18, Tests=73, 15 wallclock secs ( 0.06 usr  0.02 sys + 13.92 cusr  0.50 csys = 14.50 CPU)
Result: PASS
cover
Reading database from /home/gitlab_ci/repositories/celogeek/perl-modules-moox-options/.build/JooBsqRl8L/cover_db


---------------------------- ------ ------ ------ ------ ------ ------ ------
File                           stmt   bran   cond    sub    pod   time  total
---------------------------- ------ ------ ------ ------ ------ ------ ------
blib/lib/MooX/Options.pm      100.0  100.0  100.0  100.0    n/a   71.3  100.0
.../lib/MooX/Options/Role.pm  100.0  100.0  100.0  100.0  100.0   28.7  100.0
Total                         100.0  100.0  100.0  100.0  100.0  100.0  100.0
---------------------------- ------ ------ ------ ------ ------ ------ ------


HTML output written to /home/gitlab_ci/repositories/celogeek/perl-modules-moox-options/.build/JooBsqRl8L/cover_db/coverage.html
done.
leaving .build/JooBsqRl8L intact
